[2026-01-30T09:49:26.600Z] POST /api/watchman/booking-requests BODY: {"customerName":"Smit","customerPhone":"","customerEmail":"","vehiclePlate":"GJ051234","vehicleType":"sedan","parkingId":"cml0lw0uo0005u19w6q3t1f4g","requestType":"walk_in","duration":"2","notes":""} | USER: cmkqpdddl0000u1sk6ihp7d76
[2026-01-30T09:49:44.934Z] POST /api/watchman/booking-requests BODY: {"customerName":"Smit","customerPhone":"","customerEmail":"","vehiclePlate":"GJ051234","vehicleType":"sedan","parkingId":"cml0lw0uo0005u19w6q3t1f4g","requestType":"walk_in","duration":"2","notes":""} | USER: cmkqpdddl0000u1sk6ihp7d76
[2026-01-30T09:53:25.803Z] POST /api/watchman/booking-requests BODY: {"customerName":"Smit","customerPhone":"","customerEmail":"","vehiclePlate":"GJ051234","vehicleType":"sedan","parkingId":"cml0lw0uo0005u19w6q3t1f4g","requestType":"walk_in","duration":"2","notes":""} | USER: cmkqpdddl0000u1sk6ihp7d76
[2026-01-30T09:53:34.620Z] POST /api/watchman/booking-requests BODY: {"customerName":"Smit","customerPhone":"","customerEmail":"","vehiclePlate":"GJ051234","vehicleType":"sedan","parkingId":"cml0lw0uo0005u19w6q3t1f4g","requestType":"walk_in","duration":"2","notes":""} | USER: cmkqpdddl0000u1sk6ihp7d76
[2026-01-30T09:53:38.637Z] POST /api/watchman/booking-requests BODY: {"customerName":"Smit","customerPhone":"","customerEmail":"","vehiclePlate":"GJ051234","vehicleType":"sedan","parkingId":"cml0lw0uo0005u19w6q3t1f4g","requestType":"walk_in","duration":"2","notes":""} | USER: cmkqpdddl0000u1sk6ihp7d76
[2026-01-30T09:53:45.061Z] Prisma keys: constructor, user, ownerProfile, parkingLocation, booking, payment, wallet, walletTransaction, withdrawalRequest, watchman, watchmanShift, watchmanActivityLog, parkingSession, review, adminReview, refundRequest, savedVehicle, paymentMethod, ownerDocument, parkingApproval, locationAnalytics, pricingRule, promotion, cMSPage, commissionRule, workflow, workflowExecution
[2026-01-30T09:53:45.128Z] Prisma keys: constructor, user, ownerProfile, parkingLocation, booking, payment, wallet, walletTransaction, withdrawalRequest, watchman, watchmanShift, watchmanActivityLog, parkingSession, review, adminReview, refundRequest, savedVehicle, paymentMethod, ownerDocument, parkingApproval, locationAnalytics, pricingRule, promotion, cMSPage, commissionRule, workflow, workflowExecution
[2026-01-30T09:53:52.977Z] POST /api/watchman/booking-requests BODY: {"customerName":"Smit","customerPhone":"","customerEmail":"","vehiclePlate":"GJ051234","vehicleType":"sedan","parkingId":"cml0lw0uo0005u19w6q3t1f4g","requestType":"walk_in","duration":"2","notes":""} | USER: cmkqpdddl0000u1sk6ihp7d76
[2026-01-30T09:54:00.960Z] POST /api/watchman/booking-requests BODY: {"customerName":"Smit","customerPhone":"","customerEmail":"","vehiclePlate":"GJ051234","vehicleType":"sedan","parkingId":"cml0lw0uo0005u19w6q3t1f4g","requestType":"walk_in","duration":"2","notes":""} | USER: cmkqpdddl0000u1sk6ihp7d76
[2026-01-30T10:04:57.711Z] POST /api/watchman/booking-requests BODY: {"customerName":"Smit","customerPhone":"","customerEmail":"","vehiclePlate":"GJ051234","vehicleType":"sedan","parkingId":"cml0lw0uo0005u19w6q3t1f4g","requestType":"walk_in","duration":"2","notes":""} | USER: cmkqpdddl0000u1sk6ihp7d76
[2026-01-30T10:04:57.924Z] Prisma keys: constructor, user, ownerProfile, parkingLocation, booking, payment, wallet, walletTransaction, withdrawalRequest, watchman, watchmanShift, watchmanActivityLog, parkingSession, review, adminReview, refundRequest, savedVehicle, paymentMethod, ownerDocument, parkingApproval, locationAnalytics, pricingRule, promotion, cMSPage, commissionRule, workflow, workflowExecution
[2026-01-30T10:05:16.942Z] Prisma keys: constructor, user, ownerProfile, parkingLocation, booking, payment, wallet, walletTransaction, withdrawalRequest, watchman, watchmanShift, watchmanActivityLog, parkingSession, review, adminReview, refundRequest, savedVehicle, paymentMethod, ownerDocument, parkingApproval, locationAnalytics, pricingRule, promotion, cMSPage, commissionRule, workflow, workflowExecution
[2026-01-30T10:05:17.005Z] Prisma keys: constructor, user, ownerProfile, parkingLocation, booking, payment, wallet, walletTransaction, withdrawalRequest, watchman, watchmanShift, watchmanActivityLog, parkingSession, review, adminReview, refundRequest, savedVehicle, paymentMethod, ownerDocument, parkingApproval, locationAnalytics, pricingRule, promotion, cMSPage, commissionRule, workflow, workflowExecution
[2026-01-30T10:05:19.885Z] Prisma keys: constructor, user, ownerProfile, parkingLocation, booking, payment, wallet, walletTransaction, withdrawalRequest, watchman, watchmanShift, watchmanActivityLog, parkingSession, review, adminReview, refundRequest, savedVehicle, paymentMethod, ownerDocument, parkingApproval, locationAnalytics, pricingRule, promotion, cMSPage, commissionRule, workflow, workflowExecution
[2026-01-30T10:05:21.224Z] Prisma keys: constructor, user, ownerProfile, parkingLocation, booking, payment, wallet, walletTransaction, withdrawalRequest, watchman, watchmanShift, watchmanActivityLog, parkingSession, review, adminReview, refundRequest, savedVehicle, paymentMethod, ownerDocument, parkingApproval, locationAnalytics, pricingRule, promotion, cMSPage, commissionRule, workflow, workflowExecution
[2026-01-30T10:07:14.153Z] Prisma keys: constructor, user, ownerProfile, parkingLocation, booking, payment, wallet, walletTransaction, withdrawalRequest, watchman, watchmanShift, watchmanActivityLog, parkingSession, review, adminReview, refundRequest, savedVehicle, paymentMethod, ownerDocument, parkingApproval, locationAnalytics, pricingRule, promotion, cMSPage, commissionRule, workflow, workflowExecution
[2026-01-30T10:07:14.189Z] Prisma keys: constructor, user, ownerProfile, parkingLocation, booking, payment, wallet, walletTransaction, withdrawalRequest, watchman, watchmanShift, watchmanActivityLog, parkingSession, review, adminReview, refundRequest, savedVehicle, paymentMethod, ownerDocument, parkingApproval, locationAnalytics, pricingRule, promotion, cMSPage, commissionRule, workflow, workflowExecution
[2026-01-30T10:12:45.230Z] POST /api/watchman/booking-requests BODY: {"customerName":"Smit","customerPhone":"","customerEmail":"","vehiclePlate":"GJ051234","vehicleType":"sedan","parkingId":"cml0lw0uo0005u19w6q3t1f4g","requestType":"walk_in","duration":"2","notes":""} | USER: cmkqpdddl0000u1sk6ihp7d76
[2026-01-30T10:12:45.473Z] Prisma keys: constructor, user, ownerProfile, parkingLocation, booking, payment, wallet, walletTransaction, withdrawalRequest, watchman, watchmanShift, watchmanActivityLog, parkingSession, review, adminReview, refundRequest, savedVehicle, paymentMethod, ownerDocument, parkingApproval, locationAnalytics, pricingRule, promotion, cMSPage, commissionRule, workflow, workflowExecution
[2026-01-30T10:26:11.016Z] POST /api/watchman/booking-requests BODY: {"customerName":"Smit","customerPhone":"","customerEmail":"","vehiclePlate":"GJ051234","vehicleType":"sedan","parkingId":"cml0lw0uo0005u19w6q3t1f4g","requestType":"walk_in","duration":"2","notes":""} | USER: cmkqpdddl0000u1sk6ihp7d76
[2026-01-30T10:26:11.306Z] Prisma keys: constructor, user, ownerProfile, parkingLocation, booking, payment, wallet, walletTransaction, withdrawalRequest, watchman, watchmanShift, watchmanActivityLog, parkingSession, review, adminReview, refundRequest, savedVehicle, paymentMethod, ownerDocument, parkingApproval, locationAnalytics, pricingRule, promotion, cMSPage, commissionRule, workflow, workflowExecution
[2026-01-30T11:01:15.808Z] Prisma keys: constructor, user, ownerProfile, parkingLocation, booking, payment, wallet, walletTransaction, withdrawalRequest, watchman, watchmanShift, watchmanActivityLog, parkingSession, review, adminReview, refundRequest, savedVehicle, paymentMethod, ownerDocument, parkingApproval, locationAnalytics, pricingRule, promotion, cMSPage, commissionRule, workflow, workflowExecution, bookingRequest
[2026-01-30T11:01:15.855Z] Prisma keys: constructor, user, ownerProfile, parkingLocation, booking, payment, wallet, walletTransaction, withdrawalRequest, watchman, watchmanShift, watchmanActivityLog, parkingSession, review, adminReview, refundRequest, savedVehicle, paymentMethod, ownerDocument, parkingApproval, locationAnalytics, pricingRule, promotion, cMSPage, commissionRule, workflow, workflowExecution, bookingRequest
[2026-01-30T11:01:49.218Z] POST /api/watchman/booking-requests BODY: {"customerName":"AP","customerPhone":"","customerEmail":"","vehiclePlate":"GJ05567","vehicleType":"sedan","parkingId":"cml0lw0uo0005u19w6q3t1f4g","requestType":"walk_in","duration":"2","notes":""} | USER: cmkqpdddl0000u1sk6ihp7d76
[2026-01-30T11:01:49.377Z] Prisma keys: constructor, user, ownerProfile, parkingLocation, booking, payment, wallet, walletTransaction, withdrawalRequest, watchman, watchmanShift, watchmanActivityLog, parkingSession, review, adminReview, refundRequest, savedVehicle, paymentMethod, ownerDocument, parkingApproval, locationAnalytics, pricingRule, promotion, cMSPage, commissionRule, workflow, workflowExecution, bookingRequest
[2026-01-30T11:02:12.350Z] PATCH /api/watchman/booking-requests/undefined ACTION: approve
[2026-01-30T11:02:12.368Z] PATCH ERROR: Request undefined not found in DB
[2026-01-30T11:02:35.086Z] PATCH /api/watchman/booking-requests/undefined ACTION: approve
[2026-01-30T11:02:35.097Z] PATCH ERROR: Request undefined not found in DB
[2026-01-30T11:05:03.769Z] Prisma keys: constructor, user, ownerProfile, parkingLocation, booking, payment, wallet, walletTransaction, withdrawalRequest, watchman, watchmanShift, watchmanActivityLog, parkingSession, review, adminReview, refundRequest, savedVehicle, paymentMethod, ownerDocument, parkingApproval, locationAnalytics, pricingRule, promotion, cMSPage, commissionRule, workflow, workflowExecution, bookingRequest
[2026-01-30T11:05:03.804Z] Prisma keys: constructor, user, ownerProfile, parkingLocation, booking, payment, wallet, walletTransaction, withdrawalRequest, watchman, watchmanShift, watchmanActivityLog, parkingSession, review, adminReview, refundRequest, savedVehicle, paymentMethod, ownerDocument, parkingApproval, locationAnalytics, pricingRule, promotion, cMSPage, commissionRule, workflow, workflowExecution, bookingRequest
[2026-01-30T11:06:26.078Z] Prisma keys: constructor, user, ownerProfile, parkingLocation, booking, payment, wallet, walletTransaction, withdrawalRequest, watchman, watchmanShift, watchmanActivityLog, parkingSession, review, adminReview, refundRequest, savedVehicle, paymentMethod, ownerDocument, parkingApproval, locationAnalytics, pricingRule, promotion, cMSPage, commissionRule, workflow, workflowExecution, bookingRequest
[2026-01-30T11:06:26.174Z] Prisma keys: constructor, user, ownerProfile, parkingLocation, booking, payment, wallet, walletTransaction, withdrawalRequest, watchman, watchmanShift, watchmanActivityLog, parkingSession, review, adminReview, refundRequest, savedVehicle, paymentMethod, ownerDocument, parkingApproval, locationAnalytics, pricingRule, promotion, cMSPage, commissionRule, workflow, workflowExecution, bookingRequest
[2026-01-30T11:09:32.834Z] Prisma keys: constructor, user, ownerProfile, parkingLocation, booking, payment, wallet, walletTransaction, withdrawalRequest, watchman, watchmanShift, watchmanActivityLog, parkingSession, review, adminReview, refundRequest, savedVehicle, paymentMethod, ownerDocument, parkingApproval, locationAnalytics, pricingRule, promotion, cMSPage, commissionRule, workflow, workflowExecution, bookingRequest
[2026-01-30T11:09:32.874Z] Prisma keys: constructor, user, ownerProfile, parkingLocation, booking, payment, wallet, walletTransaction, withdrawalRequest, watchman, watchmanShift, watchmanActivityLog, parkingSession, review, adminReview, refundRequest, savedVehicle, paymentMethod, ownerDocument, parkingApproval, locationAnalytics, pricingRule, promotion, cMSPage, commissionRule, workflow, workflowExecution, bookingRequest
[2026-01-30T11:09:41.017Z] PATCH /api/watchman/booking-requests/undefined ACTION: approve
[2026-01-30T11:09:41.043Z] PATCH ERROR: Request undefined not found in DB
[2026-01-30T11:10:25.769Z] PATCH /api/watchman/booking-requests/undefined ACTION: approve
[2026-01-30T11:10:25.828Z] PATCH ERROR: Request undefined not found in DB
[2026-01-30T12:26:07.981Z] Prisma keys: constructor, user, ownerProfile, parkingLocation, booking, payment, wallet, walletTransaction, withdrawalRequest, watchman, watchmanShift, watchmanActivityLog, parkingSession, review, adminReview, refundRequest, savedVehicle, paymentMethod, ownerDocument, parkingApproval, locationAnalytics, pricingRule, promotion, cMSPage, commissionRule, workflow, workflowExecution, bookingRequest
[2026-01-30T12:26:08.170Z] GET Req Sample: {"id":"fallback_x1u4g43ez","customerId":null,"customerName":"Smit","customerEmail":"","customerPhone":"","vehiclePlate":"GJ051234","vehicleType":"sedan","vehicleMake":null,"vehicleModel":null,"vehicle
[2026-01-30T12:26:08.204Z] Prisma keys: constructor, user, ownerProfile, parkingLocation, booking, payment, wallet, walletTransaction, withdrawalRequest, watchman, watchmanShift, watchmanActivityLog, parkingSession, review, adminReview, refundRequest, savedVehicle, paymentMethod, ownerDocument, parkingApproval, locationAnalytics, pricingRule, promotion, cMSPage, commissionRule, workflow, workflowExecution, bookingRequest
[2026-01-30T12:26:08.215Z] GET Req Sample: {"id":"fallback_x1u4g43ez","customerId":null,"customerName":"Smit","customerEmail":"","customerPhone":"","vehiclePlate":"GJ051234","vehicleType":"sedan","vehicleMake":null,"vehicleModel":null,"vehicle
[2026-01-30T12:26:13.703Z] PATCH /api/watchman/booking-requests/undefined ACTION: approve
[2026-01-30T12:26:13.725Z] PATCH ERROR: Request undefined not found in DB
[2026-01-30T12:26:15.321Z] PATCH /api/watchman/booking-requests/undefined ACTION: approve
[2026-01-30T12:26:15.332Z] PATCH ERROR: Request undefined not found in DB
[2026-01-30T12:26:31.287Z] PATCH /api/watchman/booking-requests/undefined ACTION: approve
[2026-01-30T12:26:31.296Z] PATCH ERROR: Request undefined not found in DB
[2026-01-30T12:48:57.740Z] Prisma keys: constructor, user, ownerProfile, parkingLocation, booking, payment, wallet, walletTransaction, withdrawalRequest, watchman, watchmanShift, watchmanActivityLog, parkingSession, review, adminReview, refundRequest, savedVehicle, paymentMethod, ownerDocument, parkingApproval, locationAnalytics, pricingRule, promotion, cMSPage, commissionRule, workflow, workflowExecution, bookingRequest
[2026-01-30T12:48:57.827Z] GET Req Sample: {"id":"fallback_x1u4g43ez","customerId":null,"customerName":"Smit","customerEmail":"","customerPhone":"","vehiclePlate":"GJ051234","vehicleType":"sedan","vehicleMake":null,"vehicleModel":null,"vehicle
[2026-01-30T12:48:57.867Z] Prisma keys: constructor, user, ownerProfile, parkingLocation, booking, payment, wallet, walletTransaction, withdrawalRequest, watchman, watchmanShift, watchmanActivityLog, parkingSession, review, adminReview, refundRequest, savedVehicle, paymentMethod, ownerDocument, parkingApproval, locationAnalytics, pricingRule, promotion, cMSPage, commissionRule, workflow, workflowExecution, bookingRequest
[2026-01-30T12:48:57.877Z] GET Req Sample: {"id":"fallback_x1u4g43ez","customerId":null,"customerName":"Smit","customerEmail":"","customerPhone":"","vehiclePlate":"GJ051234","vehicleType":"sedan","vehicleMake":null,"vehicleModel":null,"vehicle
[2026-01-30T12:49:03.335Z] PATCH /api/watchman/booking-requests/undefined ACTION: approve
[2026-01-30T12:49:03.355Z] PATCH ERROR: Request undefined not found in DB
[2026-01-30T12:49:04.545Z] PATCH /api/watchman/booking-requests/undefined ACTION: approve
[2026-01-30T12:49:04.554Z] PATCH ERROR: Request undefined not found in DB
[2026-01-30T12:49:05.171Z] PATCH /api/watchman/booking-requests/undefined ACTION: approve
[2026-01-30T12:49:05.179Z] PATCH ERROR: Request undefined not found in DB
[2026-01-30T12:49:05.713Z] PATCH /api/watchman/booking-requests/undefined ACTION: approve
[2026-01-30T12:49:05.724Z] PATCH ERROR: Request undefined not found in DB
[2026-01-30T12:49:06.281Z] PATCH /api/watchman/booking-requests/undefined ACTION: approve
[2026-01-30T12:49:06.289Z] PATCH ERROR: Request undefined not found in DB
[2026-01-30T12:49:10.257Z] Prisma keys: constructor, user, ownerProfile, parkingLocation, booking, payment, wallet, walletTransaction, withdrawalRequest, watchman, watchmanShift, watchmanActivityLog, parkingSession, review, adminReview, refundRequest, savedVehicle, paymentMethod, ownerDocument, parkingApproval, locationAnalytics, pricingRule, promotion, cMSPage, commissionRule, workflow, workflowExecution, bookingRequest
[2026-01-30T12:49:10.265Z] GET Req Sample: {"id":"fallback_x1u4g43ez","customerId":null,"customerName":"Smit","customerEmail":"","customerPhone":"","vehiclePlate":"GJ051234","vehicleType":"sedan","vehicleMake":null,"vehicleModel":null,"vehicle
[2026-01-30T12:49:10.297Z] Prisma keys: constructor, user, ownerProfile, parkingLocation, booking, payment, wallet, walletTransaction, withdrawalRequest, watchman, watchmanShift, watchmanActivityLog, parkingSession, review, adminReview, refundRequest, savedVehicle, paymentMethod, ownerDocument, parkingApproval, locationAnalytics, pricingRule, promotion, cMSPage, commissionRule, workflow, workflowExecution, bookingRequest
[2026-01-30T12:49:10.305Z] GET Req Sample: {"id":"fallback_x1u4g43ez","customerId":null,"customerName":"Smit","customerEmail":"","customerPhone":"","vehiclePlate":"GJ051234","vehicleType":"sedan","vehicleMake":null,"vehicleModel":null,"vehicle
[2026-01-30T12:50:34.251Z] Prisma keys: constructor, user, ownerProfile, parkingLocation, booking, payment, wallet, walletTransaction, withdrawalRequest, watchman, watchmanShift, watchmanActivityLog, parkingSession, review, adminReview, refundRequest, savedVehicle, paymentMethod, ownerDocument, parkingApproval, locationAnalytics, pricingRule, promotion, cMSPage, commissionRule, workflow, workflowExecution, bookingRequest
[2026-01-30T12:50:34.280Z] GET Req Sample: {"id":"fallback_x1u4g43ez","customerId":null,"customerName":"Smit","customerEmail":"","customerPhone":"","vehiclePlate":"GJ051234","vehicleType":"sedan","vehicleMake":null,"vehicleModel":null,"vehicle
[2026-01-30T12:50:34.313Z] Prisma keys: constructor, user, ownerProfile, parkingLocation, booking, payment, wallet, walletTransaction, withdrawalRequest, watchman, watchmanShift, watchmanActivityLog, parkingSession, review, adminReview, refundRequest, savedVehicle, paymentMethod, ownerDocument, parkingApproval, locationAnalytics, pricingRule, promotion, cMSPage, commissionRule, workflow, workflowExecution, bookingRequest
[2026-01-30T12:50:34.325Z] GET Req Sample: {"id":"fallback_x1u4g43ez","customerId":null,"customerName":"Smit","customerEmail":"","customerPhone":"","vehiclePlate":"GJ051234","vehicleType":"sedan","vehicleMake":null,"vehicleModel":null,"vehicle
[2026-01-30T12:51:09.503Z] Prisma keys: constructor, user, ownerProfile, parkingLocation, booking, payment, wallet, walletTransaction, withdrawalRequest, watchman, watchmanShift, watchmanActivityLog, parkingSession, review, adminReview, refundRequest, savedVehicle, paymentMethod, ownerDocument, parkingApproval, locationAnalytics, pricingRule, promotion, cMSPage, commissionRule, workflow, workflowExecution, bookingRequest
[2026-01-30T12:51:09.512Z] GET Req Sample: {"id":"fallback_x1u4g43ez","customerId":null,"customerName":"Smit","customerEmail":"","customerPhone":"","vehiclePlate":"GJ051234","vehicleType":"sedan","vehicleMake":null,"vehicleModel":null,"vehicle
[2026-01-30T12:51:09.562Z] Prisma keys: constructor, user, ownerProfile, parkingLocation, booking, payment, wallet, walletTransaction, withdrawalRequest, watchman, watchmanShift, watchmanActivityLog, parkingSession, review, adminReview, refundRequest, savedVehicle, paymentMethod, ownerDocument, parkingApproval, locationAnalytics, pricingRule, promotion, cMSPage, commissionRule, workflow, workflowExecution, bookingRequest
[2026-01-30T12:51:09.572Z] GET Req Sample: {"id":"fallback_x1u4g43ez","customerId":null,"customerName":"Smit","customerEmail":"","customerPhone":"","vehiclePlate":"GJ051234","vehicleType":"sedan","vehicleMake":null,"vehicleModel":null,"vehicle
[2026-01-30T12:51:16.911Z] PATCH /api/watchman/booking-requests/undefined ACTION: approve
[2026-01-30T12:51:16.946Z] PATCH ERROR: Request undefined not found in DB
[2026-01-30T12:53:12.227Z] Prisma keys: constructor, user, ownerProfile, parkingLocation, booking, payment, wallet, walletTransaction, withdrawalRequest, watchman, watchmanShift, watchmanActivityLog, parkingSession, review, adminReview, refundRequest, savedVehicle, paymentMethod, ownerDocument, parkingApproval, locationAnalytics, pricingRule, promotion, cMSPage, commissionRule, workflow, workflowExecution, bookingRequest
[2026-01-30T12:53:12.242Z] GET Req Sample: {"id":"fallback_x1u4g43ez","customerId":null,"customerName":"Smit","customerEmail":"","customerPhone":"","vehiclePlate":"GJ051234","vehicleType":"sedan","vehicleMake":null,"vehicleModel":null,"vehicle
[2026-01-30T12:53:12.299Z] Prisma keys: constructor, user, ownerProfile, parkingLocation, booking, payment, wallet, walletTransaction, withdrawalRequest, watchman, watchmanShift, watchmanActivityLog, parkingSession, review, adminReview, refundRequest, savedVehicle, paymentMethod, ownerDocument, parkingApproval, locationAnalytics, pricingRule, promotion, cMSPage, commissionRule, workflow, workflowExecution, bookingRequest
[2026-01-30T12:53:12.313Z] GET Req Sample: {"id":"fallback_x1u4g43ez","customerId":null,"customerName":"Smit","customerEmail":"","customerPhone":"","vehiclePlate":"GJ051234","vehicleType":"sedan","vehicleMake":null,"vehicleModel":null,"vehicle
[2026-01-30T12:53:16.725Z] PATCH /api/watchman/booking-requests/undefined ACTION: approve
[2026-01-30T12:53:16.736Z] PATCH ERROR: Request undefined not found in DB
[2026-01-30T12:53:28.180Z] PATCH /api/watchman/booking-requests/undefined ACTION: approve
[2026-01-30T12:53:28.189Z] PATCH ERROR: Request undefined not found in DB
[2026-01-30T13:12:28.127Z] Prisma keys: constructor, user, ownerProfile, parkingLocation, booking, payment, wallet, walletTransaction, withdrawalRequest, watchman, watchmanShift, watchmanActivityLog, parkingSession, review, adminReview, refundRequest, savedVehicle, paymentMethod, ownerDocument, parkingApproval, locationAnalytics, pricingRule, promotion, cMSPage, commissionRule, workflow, workflowExecution, bookingRequest
[2026-01-30T13:12:28.145Z] GET Req Sample: {"id":"fallback_x1u4g43ez","customerId":null,"customerName":"Smit","customerEmail":"","customerPhone":"","vehiclePlate":"GJ051234","vehicleType":"sedan","vehicleMake":null,"vehicleModel":null,"vehicle
[2026-01-30T13:12:28.188Z] Prisma keys: constructor, user, ownerProfile, parkingLocation, booking, payment, wallet, walletTransaction, withdrawalRequest, watchman, watchmanShift, watchmanActivityLog, parkingSession, review, adminReview, refundRequest, savedVehicle, paymentMethod, ownerDocument, parkingApproval, locationAnalytics, pricingRule, promotion, cMSPage, commissionRule, workflow, workflowExecution, bookingRequest
[2026-01-30T13:12:28.205Z] GET Req Sample: {"id":"fallback_x1u4g43ez","customerId":null,"customerName":"Smit","customerEmail":"","customerPhone":"","vehiclePlate":"GJ051234","vehicleType":"sedan","vehicleMake":null,"vehicleModel":null,"vehicle
[2026-01-30T13:12:34.651Z] PATCH /api/watchman/booking-requests/undefined ACTION: approve BODY: {"action":"approve"}
[2026-01-30T13:12:34.727Z] FUZZY FIND: Guessed request ID fallback_x1u4g43ez for undefined request
[2026-01-30T13:12:43.988Z] PATCH /api/watchman/booking-requests/undefined ACTION: approve BODY: {"action":"approve"}
[2026-01-30T13:12:43.997Z] FUZZY FIND: Guessed request ID fallback_x1u4g43ez for undefined request
[2026-01-30T13:12:47.161Z] PATCH /api/watchman/booking-requests/undefined ACTION: approve BODY: {"action":"approve"}
[2026-01-30T13:12:47.165Z] FUZZY FIND: Guessed request ID fallback_x1u4g43ez for undefined request
[2026-01-30T13:12:49.638Z] PATCH /api/watchman/booking-requests/undefined ACTION: approve BODY: {"action":"approve"}
[2026-01-30T13:12:49.642Z] FUZZY FIND: Guessed request ID fallback_x1u4g43ez for undefined request
[2026-01-30T13:13:18.490Z] PATCH /api/watchman/booking-requests/undefined ACTION: approve BODY: {"action":"approve"}
[2026-01-30T13:13:18.495Z] FUZZY FIND: Guessed request ID fallback_x1u4g43ez for undefined request
[2026-01-30T13:13:26.650Z] PATCH /api/watchman/booking-requests/undefined ACTION: approve BODY: {"action":"approve"}
[2026-01-30T13:13:26.654Z] FUZZY FIND: Guessed request ID fallback_x1u4g43ez for undefined request
[2026-01-30T13:13:55.883Z] PATCH /api/watchman/booking-requests/undefined ACTION: approve BODY: {"action":"approve"}
[2026-01-30T13:13:55.887Z] FUZZY FIND: Guessed request ID fallback_x1u4g43ez for undefined request
[2026-01-30T13:14:05.794Z] PATCH /api/watchman/booking-requests/undefined ACTION: approve BODY: {"action":"approve"}
[2026-01-30T13:14:05.807Z] FUZZY FIND: Guessed request ID fallback_x1u4g43ez for undefined request
[2026-01-30T13:24:46.425Z] PATCH /api/watchman/booking-requests/undefined ACTION: approve BODY: {"action":"approve"}
[2026-01-30T13:24:46.504Z] FUZZY FIND: Guessed request ID fallback_x1u4g43ez for undefined request
[2026-01-30T13:24:57.509Z] PATCH /api/watchman/booking-requests/undefined ACTION: approve BODY: {"action":"approve"}
[2026-01-30T13:24:57.513Z] FUZZY FIND: Guessed request ID fallback_x1u4g43ez for undefined request
[2026-01-30T13:25:19.915Z] PATCH /api/watchman/booking-requests/undefined ACTION: approve BODY: {"action":"approve"}
[2026-01-30T13:25:19.920Z] FUZZY FIND: Guessed request ID fallback_x1u4g43ez for undefined request
[2026-01-31T03:37:24.699Z] Prisma keys: constructor, user, ownerProfile, parkingLocation, booking, payment, wallet, walletTransaction, withdrawalRequest, watchman, watchmanShift, watchmanActivityLog, parkingSession, review, adminReview, refundRequest, savedVehicle, paymentMethod, ownerDocument, parkingApproval, locationAnalytics, pricingRule, promotion, cMSPage, commissionRule, workflow, workflowExecution, bookingRequest
[2026-01-31T03:37:24.723Z] GET Req Sample: {"id":"fallback_x1u4g43ez","customerId":null,"customerName":"Smit","customerEmail":"","customerPhone":"","vehiclePlate":"GJ051234","vehicleType":"sedan","vehicleMake":null,"vehicleModel":null,"vehicle
[2026-01-31T03:37:24.738Z] Prisma keys: constructor, user, ownerProfile, parkingLocation, booking, payment, wallet, walletTransaction, withdrawalRequest, watchman, watchmanShift, watchmanActivityLog, parkingSession, review, adminReview, refundRequest, savedVehicle, paymentMethod, ownerDocument, parkingApproval, locationAnalytics, pricingRule, promotion, cMSPage, commissionRule, workflow, workflowExecution, bookingRequest
[2026-01-31T03:37:24.745Z] GET Req Sample: {"id":"fallback_x1u4g43ez","customerId":null,"customerName":"Smit","customerEmail":"","customerPhone":"","vehiclePlate":"GJ051234","vehicleType":"sedan","vehicleMake":null,"vehicleModel":null,"vehicle
[2026-01-31T03:43:07.191Z] Prisma keys: constructor, user, ownerProfile, parkingLocation, booking, payment, wallet, walletTransaction, withdrawalRequest, watchman, watchmanShift, watchmanActivityLog, parkingSession, review, adminReview, refundRequest, savedVehicle, paymentMethod, ownerDocument, parkingApproval, locationAnalytics, pricingRule, promotion, cMSPage, commissionRule, workflow, workflowExecution, bookingRequest
[2026-01-31T03:43:07.204Z] GET Req Sample: {"id":"fallback_x1u4g43ez","customerId":null,"customerName":"Smit","customerEmail":"","customerPhone":"","vehiclePlate":"GJ051234","vehicleType":"sedan","vehicleMake":null,"vehicleModel":null,"vehicle
[2026-01-31T03:43:07.223Z] Prisma keys: constructor, user, ownerProfile, parkingLocation, booking, payment, wallet, walletTransaction, withdrawalRequest, watchman, watchmanShift, watchmanActivityLog, parkingSession, review, adminReview, refundRequest, savedVehicle, paymentMethod, ownerDocument, parkingApproval, locationAnalytics, pricingRule, promotion, cMSPage, commissionRule, workflow, workflowExecution, bookingRequest
[2026-01-31T03:43:07.229Z] GET Req Sample: {"id":"fallback_x1u4g43ez","customerId":null,"customerName":"Smit","customerEmail":"","customerPhone":"","vehiclePlate":"GJ051234","vehicleType":"sedan","vehicleMake":null,"vehicleModel":null,"vehicle
[2026-01-31T03:55:34.457Z] Prisma keys: constructor, user, ownerProfile, parkingLocation, booking, payment, wallet, walletTransaction, withdrawalRequest, watchman, watchmanShift, watchmanActivityLog, parkingSession, review, adminReview, refundRequest, savedVehicle, paymentMethod, ownerDocument, parkingApproval, locationAnalytics, pricingRule, promotion, cMSPage, commissionRule, workflow, workflowExecution, bookingRequest
[2026-01-31T03:55:34.471Z] GET Req Sample: {"id":"fallback_x1u4g43ez","customerId":null,"customerName":"Smit","customerEmail":"","customerPhone":"","vehiclePlate":"GJ051234","vehicleType":"sedan","vehicleMake":null,"vehicleModel":null,"vehicle
[2026-01-31T03:55:34.493Z] Prisma keys: constructor, user, ownerProfile, parkingLocation, booking, payment, wallet, walletTransaction, withdrawalRequest, watchman, watchmanShift, watchmanActivityLog, parkingSession, review, adminReview, refundRequest, savedVehicle, paymentMethod, ownerDocument, parkingApproval, locationAnalytics, pricingRule, promotion, cMSPage, commissionRule, workflow, workflowExecution, bookingRequest
[2026-01-31T03:55:34.502Z] GET Req Sample: {"id":"fallback_x1u4g43ez","customerId":null,"customerName":"Smit","customerEmail":"","customerPhone":"","vehiclePlate":"GJ051234","vehicleType":"sedan","vehicleMake":null,"vehicleModel":null,"vehicle
[2026-01-31T04:17:35.227Z] PATCH /api/watchman/booking-requests/undefined ACTION: approve BODY: {"action":"approve"}
[2026-01-31T04:17:35.394Z] FUZZY FIND: Guessed request ID fallback_x1u4g43ez for undefined request
[2026-01-31T04:17:35.516Z] Prisma keys: constructor, user, ownerProfile, parkingLocation, booking, payment, wallet, walletTransaction, withdrawalRequest, watchman, watchmanShift, watchmanActivityLog, parkingSession, review, adminReview, refundRequest, savedVehicle, paymentMethod, ownerDocument, parkingApproval, locationAnalytics, pricingRule, promotion, cMSPage, commissionRule, workflow, workflowExecution, bookingRequest
[2026-01-31T04:17:35.527Z] GET Req Sample: {"id":"fallback_x1u4g43ez","customerId":null,"customerName":"Smit","customerEmail":"","customerPhone":"","vehiclePlate":"GJ051234","vehicleType":"sedan","vehicleMake":null,"vehicleModel":null,"vehicle
[2026-01-31T04:18:08.657Z] PATCH /api/watchman/booking-requests/undefined ACTION: approve BODY: {"action":"approve"}
[2026-01-31T04:18:08.665Z] FUZZY FIND: Guessed request ID fallback_x1u4g43ez for undefined request
[2026-01-31T04:18:08.770Z] Prisma keys: constructor, user, ownerProfile, parkingLocation, booking, payment, wallet, walletTransaction, withdrawalRequest, watchman, watchmanShift, watchmanActivityLog, parkingSession, review, adminReview, refundRequest, savedVehicle, paymentMethod, ownerDocument, parkingApproval, locationAnalytics, pricingRule, promotion, cMSPage, commissionRule, workflow, workflowExecution, bookingRequest
[2026-01-31T04:18:08.780Z] GET Req Sample: {"id":"fallback_x1u4g43ez","customerId":null,"customerName":"Smit","customerEmail":"","customerPhone":"","vehiclePlate":"GJ051234","vehicleType":"sedan","vehicleMake":null,"vehicleModel":null,"vehicle
[2026-01-31T04:18:21.091Z] PATCH /api/watchman/booking-requests/undefined ACTION: approve BODY: {"action":"approve"}
[2026-01-31T04:18:21.094Z] FUZZY FIND: Guessed request ID fallback_x1u4g43ez for undefined request
[2026-01-31T04:18:21.179Z] Prisma keys: constructor, user, ownerProfile, parkingLocation, booking, payment, wallet, walletTransaction, withdrawalRequest, watchman, watchmanShift, watchmanActivityLog, parkingSession, review, adminReview, refundRequest, savedVehicle, paymentMethod, ownerDocument, parkingApproval, locationAnalytics, pricingRule, promotion, cMSPage, commissionRule, workflow, workflowExecution, bookingRequest
[2026-01-31T04:18:21.187Z] GET Req Sample: {"id":"fallback_x1u4g43ez","customerId":null,"customerName":"Smit","customerEmail":"","customerPhone":"","vehiclePlate":"GJ051234","vehicleType":"sedan","vehicleMake":null,"vehicleModel":null,"vehicle
[2026-01-31T04:19:35.539Z] PATCH /api/watchman/booking-requests/undefined ACTION: approve BODY: {"action":"approve"}
[2026-01-31T04:19:35.543Z] FUZZY FIND: Guessed request ID fallback_x1u4g43ez for undefined request
[2026-01-31T04:19:35.628Z] Prisma keys: constructor, user, ownerProfile, parkingLocation, booking, payment, wallet, walletTransaction, withdrawalRequest, watchman, watchmanShift, watchmanActivityLog, parkingSession, review, adminReview, refundRequest, savedVehicle, paymentMethod, ownerDocument, parkingApproval, locationAnalytics, pricingRule, promotion, cMSPage, commissionRule, workflow, workflowExecution, bookingRequest
[2026-01-31T04:19:35.633Z] GET Req Sample: {"id":"fallback_x1u4g43ez","customerId":null,"customerName":"Smit","customerEmail":"","customerPhone":"","vehiclePlate":"GJ051234","vehicleType":"sedan","vehicleMake":null,"vehicleModel":null,"vehicle
[2026-01-31T05:12:26.186Z] Prisma keys: constructor, user, ownerProfile, parkingLocation, booking, payment, wallet, walletTransaction, withdrawalRequest, watchman, watchmanShift, watchmanActivityLog, parkingSession, review, adminReview, refundRequest, savedVehicle, paymentMethod, ownerDocument, parkingApproval, locationAnalytics, pricingRule, promotion, cMSPage, commissionRule, workflow, workflowExecution, bookingRequest
[2026-01-31T05:12:26.202Z] GET Req Sample: {"id":"fallback_x1u4g43ez","customerId":null,"customerName":"Smit","customerEmail":"","customerPhone":"","vehiclePlate":"GJ051234","vehicleType":"sedan","vehicleMake":null,"vehicleModel":null,"vehicle
[2026-01-31T05:12:26.230Z] Prisma keys: constructor, user, ownerProfile, parkingLocation, booking, payment, wallet, walletTransaction, withdrawalRequest, watchman, watchmanShift, watchmanActivityLog, parkingSession, review, adminReview, refundRequest, savedVehicle, paymentMethod, ownerDocument, parkingApproval, locationAnalytics, pricingRule, promotion, cMSPage, commissionRule, workflow, workflowExecution, bookingRequest
[2026-01-31T05:12:26.238Z] GET Req Sample: {"id":"fallback_x1u4g43ez","customerId":null,"customerName":"Smit","customerEmail":"","customerPhone":"","vehiclePlate":"GJ051234","vehicleType":"sedan","vehicleMake":null,"vehicleModel":null,"vehicle
[2026-01-31T05:22:09.148Z] Prisma keys: constructor, user, ownerProfile, parkingLocation, booking, payment, wallet, walletTransaction, withdrawalRequest, watchman, watchmanShift, watchmanActivityLog, parkingSession, review, adminReview, refundRequest, savedVehicle, paymentMethod, ownerDocument, parkingApproval, locationAnalytics, pricingRule, promotion, cMSPage, commissionRule, workflow, workflowExecution, bookingRequest
[2026-01-31T05:22:09.163Z] GET Req Sample: {"id":"fallback_x1u4g43ez","customerId":null,"customerName":"Smit","customerEmail":"","customerPhone":"","vehiclePlate":"GJ051234","vehicleType":"sedan","vehicleMake":null,"vehicleModel":null,"vehicle
[2026-01-31T05:22:09.215Z] Prisma keys: constructor, user, ownerProfile, parkingLocation, booking, payment, wallet, walletTransaction, withdrawalRequest, watchman, watchmanShift, watchmanActivityLog, parkingSession, review, adminReview, refundRequest, savedVehicle, paymentMethod, ownerDocument, parkingApproval, locationAnalytics, pricingRule, promotion, cMSPage, commissionRule, workflow, workflowExecution, bookingRequest
[2026-01-31T05:22:09.224Z] GET Req Sample: {"id":"fallback_x1u4g43ez","customerId":null,"customerName":"Smit","customerEmail":"","customerPhone":"","vehiclePlate":"GJ051234","vehicleType":"sedan","vehicleMake":null,"vehicleModel":null,"vehicle
[2026-01-31T05:35:44.874Z] Prisma keys: constructor, user, ownerProfile, parkingLocation, booking, payment, wallet, walletTransaction, withdrawalRequest, watchman, watchmanShift, watchmanActivityLog, parkingSession, review, adminReview, refundRequest, savedVehicle, paymentMethod, ownerDocument, parkingApproval, locationAnalytics, pricingRule, promotion, cMSPage, commissionRule, workflow, workflowExecution, bookingRequest
[2026-01-31T05:35:44.888Z] GET Req Sample: {"id":"fallback_x1u4g43ez","customerId":null,"customerName":"Smit","customerEmail":"","customerPhone":"","vehiclePlate":"GJ051234","vehicleType":"sedan","vehicleMake":null,"vehicleModel":null,"vehicle
[2026-01-31T05:35:44.915Z] Prisma keys: constructor, user, ownerProfile, parkingLocation, booking, payment, wallet, walletTransaction, withdrawalRequest, watchman, watchmanShift, watchmanActivityLog, parkingSession, review, adminReview, refundRequest, savedVehicle, paymentMethod, ownerDocument, parkingApproval, locationAnalytics, pricingRule, promotion, cMSPage, commissionRule, workflow, workflowExecution, bookingRequest
[2026-01-31T05:35:44.922Z] GET Req Sample: {"id":"fallback_x1u4g43ez","customerId":null,"customerName":"Smit","customerEmail":"","customerPhone":"","vehiclePlate":"GJ051234","vehicleType":"sedan","vehicleMake":null,"vehicleModel":null,"vehicle
[2026-01-31T05:49:48.120Z] Prisma keys: constructor, user, ownerProfile, parkingLocation, booking, payment, wallet, walletTransaction, withdrawalRequest, watchman, watchmanShift, watchmanActivityLog, parkingSession, review, adminReview, refundRequest, savedVehicle, paymentMethod, ownerDocument, parkingApproval, locationAnalytics, pricingRule, promotion, cMSPage, commissionRule, workflow, workflowExecution, bookingRequest
[2026-01-31T05:49:48.135Z] GET Req Sample: {"id":"fallback_x1u4g43ez","customerId":null,"customerName":"Smit","customerEmail":"","customerPhone":"","vehiclePlate":"GJ051234","vehicleType":"sedan","vehicleMake":null,"vehicleModel":null,"vehicle
[2026-01-31T05:49:48.160Z] Prisma keys: constructor, user, ownerProfile, parkingLocation, booking, payment, wallet, walletTransaction, withdrawalRequest, watchman, watchmanShift, watchmanActivityLog, parkingSession, review, adminReview, refundRequest, savedVehicle, paymentMethod, ownerDocument, parkingApproval, locationAnalytics, pricingRule, promotion, cMSPage, commissionRule, workflow, workflowExecution, bookingRequest
[2026-01-31T05:49:48.167Z] GET Req Sample: {"id":"fallback_x1u4g43ez","customerId":null,"customerName":"Smit","customerEmail":"","customerPhone":"","vehiclePlate":"GJ051234","vehicleType":"sedan","vehicleMake":null,"vehicleModel":null,"vehicle
[2026-01-31T07:10:33.083Z] POST /api/watchman/booking-requests BODY: {"customerName":"ankit","customerPhone":"5624826942","customerEmail":"","vehiclePlate":"GJ051237","vehicleType":"sedan","parkingId":"cml0lw0uo0005u19w6q3t1f4g","requestType":"walk_in","duration":"2","notes":"VGDFD"} | USER: cmkqpdddl0000u1sk6ihp7d76
[2026-01-31T07:10:33.431Z] Prisma keys: constructor, user, ownerProfile, parkingLocation, booking, payment, wallet, walletTransaction, withdrawalRequest, watchman, watchmanShift, watchmanActivityLog, parkingSession, review, adminReview, refundRequest, savedVehicle, paymentMethod, ownerDocument, parkingApproval, locationAnalytics, pricingRule, promotion, cMSPage, commissionRule, workflow, workflowExecution, bookingRequest
[2026-01-31T07:10:33.452Z] GET Req Sample: {"id":"cml1z311c0009u16ox2r4vg0p","customerId":null,"customerName":"ankit","customerEmail":"","customerPhone":"5624826942","vehiclePlate":"GJ051237","vehicleType":"sedan","vehicleMake":null,"vehicleMo
[2026-01-31T07:10:53.978Z] PATCH /api/watchman/booking-requests/undefined ACTION: approve BODY: {"action":"approve"}
[2026-01-31T07:10:54.005Z] FUZZY FIND: Guessed request ID cml1z311c0009u16ox2r4vg0p for undefined request
[2026-01-31T07:10:54.159Z] Prisma keys: constructor, user, ownerProfile, parkingLocation, booking, payment, wallet, walletTransaction, withdrawalRequest, watchman, watchmanShift, watchmanActivityLog, parkingSession, review, adminReview, refundRequest, savedVehicle, paymentMethod, ownerDocument, parkingApproval, locationAnalytics, pricingRule, promotion, cMSPage, commissionRule, workflow, workflowExecution, bookingRequest
[2026-01-31T07:10:54.168Z] GET Req Sample: {"id":"cml1z311c0009u16ox2r4vg0p","customerId":null,"customerName":"ankit","customerEmail":"","customerPhone":"5624826942","vehiclePlate":"GJ051237","vehicleType":"sedan","vehicleMake":null,"vehicleMo
[2026-01-31T07:20:26.772Z] Prisma keys: constructor, user, ownerProfile, parkingLocation, booking, payment, wallet, walletTransaction, withdrawalRequest, watchman, watchmanShift, watchmanActivityLog, parkingSession, review, adminReview, refundRequest, savedVehicle, paymentMethod, ownerDocument, parkingApproval, locationAnalytics, pricingRule, promotion, cMSPage, commissionRule, workflow, workflowExecution, bookingRequest
[2026-01-31T07:20:26.786Z] GET Req Sample: {"id":"cml1z311c0009u16ox2r4vg0p","customerId":null,"customerName":"ankit","customerEmail":"","customerPhone":"5624826942","vehiclePlate":"GJ051237","vehicleType":"sedan","vehicleMake":null,"vehicleMo
[2026-01-31T07:20:26.832Z] Prisma keys: constructor, user, ownerProfile, parkingLocation, booking, payment, wallet, walletTransaction, withdrawalRequest, watchman, watchmanShift, watchmanActivityLog, parkingSession, review, adminReview, refundRequest, savedVehicle, paymentMethod, ownerDocument, parkingApproval, locationAnalytics, pricingRule, promotion, cMSPage, commissionRule, workflow, workflowExecution, bookingRequest
[2026-01-31T07:20:26.849Z] GET Req Sample: {"id":"cml1z311c0009u16ox2r4vg0p","customerId":null,"customerName":"ankit","customerEmail":"","customerPhone":"5624826942","vehiclePlate":"GJ051237","vehicleType":"sedan","vehicleMake":null,"vehicleMo
[2026-01-31T07:21:10.051Z] Prisma keys: constructor, user, ownerProfile, parkingLocation, booking, payment, wallet, walletTransaction, withdrawalRequest, watchman, watchmanShift, watchmanActivityLog, parkingSession, review, adminReview, refundRequest, savedVehicle, paymentMethod, ownerDocument, parkingApproval, locationAnalytics, pricingRule, promotion, cMSPage, commissionRule, workflow, workflowExecution, bookingRequest
[2026-01-31T07:21:10.060Z] GET Req Sample: {"id":"cml1z311c0009u16ox2r4vg0p","customerId":null,"customerName":"ankit","customerEmail":"","customerPhone":"5624826942","vehiclePlate":"GJ051237","vehicleType":"sedan","vehicleMake":null,"vehicleMo
[2026-01-31T07:21:10.100Z] Prisma keys: constructor, user, ownerProfile, parkingLocation, booking, payment, wallet, walletTransaction, withdrawalRequest, watchman, watchmanShift, watchmanActivityLog, parkingSession, review, adminReview, refundRequest, savedVehicle, paymentMethod, ownerDocument, parkingApproval, locationAnalytics, pricingRule, promotion, cMSPage, commissionRule, workflow, workflowExecution, bookingRequest
[2026-01-31T07:21:10.117Z] GET Req Sample: {"id":"cml1z311c0009u16ox2r4vg0p","customerId":null,"customerName":"ankit","customerEmail":"","customerPhone":"5624826942","vehiclePlate":"GJ051237","vehicleType":"sedan","vehicleMake":null,"vehicleMo
[2026-01-31T07:21:12.655Z] Prisma keys: constructor, user, ownerProfile, parkingLocation, booking, payment, wallet, walletTransaction, withdrawalRequest, watchman, watchmanShift, watchmanActivityLog, parkingSession, review, adminReview, refundRequest, savedVehicle, paymentMethod, ownerDocument, parkingApproval, locationAnalytics, pricingRule, promotion, cMSPage, commissionRule, workflow, workflowExecution, bookingRequest
[2026-01-31T07:21:12.663Z] GET Req Sample: {"id":"cml1z311c0009u16ox2r4vg0p","customerId":null,"customerName":"ankit","customerEmail":"","customerPhone":"5624826942","vehiclePlate":"GJ051237","vehicleType":"sedan","vehicleMake":null,"vehicleMo
[2026-01-31T07:21:12.692Z] Prisma keys: constructor, user, ownerProfile, parkingLocation, booking, payment, wallet, walletTransaction, withdrawalRequest, watchman, watchmanShift, watchmanActivityLog, parkingSession, review, adminReview, refundRequest, savedVehicle, paymentMethod, ownerDocument, parkingApproval, locationAnalytics, pricingRule, promotion, cMSPage, commissionRule, workflow, workflowExecution, bookingRequest
[2026-01-31T07:21:12.698Z] GET Req Sample: {"id":"cml1z311c0009u16ox2r4vg0p","customerId":null,"customerName":"ankit","customerEmail":"","customerPhone":"5624826942","vehiclePlate":"GJ051237","vehicleType":"sedan","vehicleMake":null,"vehicleMo
[2026-01-31T07:21:46.895Z] Prisma keys: constructor, user, ownerProfile, parkingLocation, booking, payment, wallet, walletTransaction, withdrawalRequest, watchman, watchmanShift, watchmanActivityLog, parkingSession, review, adminReview, refundRequest, savedVehicle, paymentMethod, ownerDocument, parkingApproval, locationAnalytics, pricingRule, promotion, cMSPage, commissionRule, workflow, workflowExecution, bookingRequest
[2026-01-31T07:21:46.923Z] GET Req Sample: {"id":"cml1z311c0009u16ox2r4vg0p","customerId":null,"customerName":"ankit","customerEmail":"","customerPhone":"5624826942","vehiclePlate":"GJ051237","vehicleType":"sedan","vehicleMake":null,"vehicleMo
[2026-01-31T07:21:47.139Z] Prisma keys: constructor, user, ownerProfile, parkingLocation, booking, payment, wallet, walletTransaction, withdrawalRequest, watchman, watchmanShift, watchmanActivityLog, parkingSession, review, adminReview, refundRequest, savedVehicle, paymentMethod, ownerDocument, parkingApproval, locationAnalytics, pricingRule, promotion, cMSPage, commissionRule, workflow, workflowExecution, bookingRequest
[2026-01-31T07:21:47.151Z] GET Req Sample: {"id":"cml1z311c0009u16ox2r4vg0p","customerId":null,"customerName":"ankit","customerEmail":"","customerPhone":"5624826942","vehiclePlate":"GJ051237","vehicleType":"sedan","vehicleMake":null,"vehicleMo
[2026-01-31T07:22:09.487Z] Prisma keys: constructor, user, ownerProfile, parkingLocation, booking, payment, wallet, walletTransaction, withdrawalRequest, watchman, watchmanShift, watchmanActivityLog, parkingSession, review, adminReview, refundRequest, savedVehicle, paymentMethod, ownerDocument, parkingApproval, locationAnalytics, pricingRule, promotion, cMSPage, commissionRule, workflow, workflowExecution, bookingRequest
[2026-01-31T07:22:09.494Z] GET Req Sample: {"id":"cml1z311c0009u16ox2r4vg0p","customerId":null,"customerName":"ankit","customerEmail":"","customerPhone":"5624826942","vehiclePlate":"GJ051237","vehicleType":"sedan","vehicleMake":null,"vehicleMo
[2026-01-31T07:22:09.533Z] Prisma keys: constructor, user, ownerProfile, parkingLocation, booking, payment, wallet, walletTransaction, withdrawalRequest, watchman, watchmanShift, watchmanActivityLog, parkingSession, review, adminReview, refundRequest, savedVehicle, paymentMethod, ownerDocument, parkingApproval, locationAnalytics, pricingRule, promotion, cMSPage, commissionRule, workflow, workflowExecution, bookingRequest
[2026-01-31T07:22:09.540Z] GET Req Sample: {"id":"cml1z311c0009u16ox2r4vg0p","customerId":null,"customerName":"ankit","customerEmail":"","customerPhone":"5624826942","vehiclePlate":"GJ051237","vehicleType":"sedan","vehicleMake":null,"vehicleMo
[2026-01-31T07:22:37.727Z] Prisma keys: constructor, user, ownerProfile, parkingLocation, booking, payment, wallet, walletTransaction, withdrawalRequest, watchman, watchmanShift, watchmanActivityLog, parkingSession, review, adminReview, refundRequest, savedVehicle, paymentMethod, ownerDocument, parkingApproval, locationAnalytics, pricingRule, promotion, cMSPage, commissionRule, workflow, workflowExecution, bookingRequest
[2026-01-31T07:22:37.737Z] GET Req Sample: {"id":"cml1z311c0009u16ox2r4vg0p","customerId":null,"customerName":"ankit","customerEmail":"","customerPhone":"5624826942","vehiclePlate":"GJ051237","vehicleType":"sedan","vehicleMake":null,"vehicleMo
[2026-01-31T07:22:37.763Z] Prisma keys: constructor, user, ownerProfile, parkingLocation, booking, payment, wallet, walletTransaction, withdrawalRequest, watchman, watchmanShift, watchmanActivityLog, parkingSession, review, adminReview, refundRequest, savedVehicle, paymentMethod, ownerDocument, parkingApproval, locationAnalytics, pricingRule, promotion, cMSPage, commissionRule, workflow, workflowExecution, bookingRequest
[2026-01-31T07:22:37.777Z] GET Req Sample: {"id":"cml1z311c0009u16ox2r4vg0p","customerId":null,"customerName":"ankit","customerEmail":"","customerPhone":"5624826942","vehiclePlate":"GJ051237","vehicleType":"sedan","vehicleMake":null,"vehicleMo
[2026-01-31T07:23:21.313Z] Prisma keys: constructor, user, ownerProfile, parkingLocation, booking, payment, wallet, walletTransaction, withdrawalRequest, watchman, watchmanShift, watchmanActivityLog, parkingSession, review, adminReview, refundRequest, savedVehicle, paymentMethod, ownerDocument, parkingApproval, locationAnalytics, pricingRule, promotion, cMSPage, commissionRule, workflow, workflowExecution, bookingRequest
[2026-01-31T07:23:21.320Z] GET Req Sample: {"id":"cml1z311c0009u16ox2r4vg0p","customerId":null,"customerName":"ankit","customerEmail":"","customerPhone":"5624826942","vehiclePlate":"GJ051237","vehicleType":"sedan","vehicleMake":null,"vehicleMo
[2026-01-31T07:23:21.355Z] Prisma keys: constructor, user, ownerProfile, parkingLocation, booking, payment, wallet, walletTransaction, withdrawalRequest, watchman, watchmanShift, watchmanActivityLog, parkingSession, review, adminReview, refundRequest, savedVehicle, paymentMethod, ownerDocument, parkingApproval, locationAnalytics, pricingRule, promotion, cMSPage, commissionRule, workflow, workflowExecution, bookingRequest
[2026-01-31T07:23:21.363Z] GET Req Sample: {"id":"cml1z311c0009u16ox2r4vg0p","customerId":null,"customerName":"ankit","customerEmail":"","customerPhone":"5624826942","vehiclePlate":"GJ051237","vehicleType":"sedan","vehicleMake":null,"vehicleMo
[2026-02-02T03:33:25.607Z] Prisma keys: constructor, user, ownerProfile, parkingLocation, booking, payment, wallet, walletTransaction, withdrawalRequest, watchman, watchmanShift, watchmanActivityLog, parkingSession, review, adminReview, refundRequest, savedVehicle, paymentMethod, ownerDocument, parkingApproval, locationAnalytics, pricingRule, promotion, cMSPage, commissionRule, workflow, workflowExecution, bookingRequest
[2026-02-02T03:33:25.630Z] GET Req Sample: {"id":"cml1z311c0009u16ox2r4vg0p","customerId":null,"customerName":"ankit","customerEmail":"","customerPhone":"5624826942","vehiclePlate":"GJ051237","vehicleType":"sedan","vehicleMake":null,"vehicleMo
[2026-02-02T03:33:25.678Z] Prisma keys: constructor, user, ownerProfile, parkingLocation, booking, payment, wallet, walletTransaction, withdrawalRequest, watchman, watchmanShift, watchmanActivityLog, parkingSession, review, adminReview, refundRequest, savedVehicle, paymentMethod, ownerDocument, parkingApproval, locationAnalytics, pricingRule, promotion, cMSPage, commissionRule, workflow, workflowExecution, bookingRequest
[2026-02-02T03:33:25.689Z] GET Req Sample: {"id":"cml1z311c0009u16ox2r4vg0p","customerId":null,"customerName":"ankit","customerEmail":"","customerPhone":"5624826942","vehiclePlate":"GJ051237","vehicleType":"sedan","vehicleMake":null,"vehicleMo
