[2026-02-03T08:45:52.009Z] PATCH /api/watchman/booking-requests/undefined ERROR: 
Invalid `prisma.$executeRawUnsafe()` invocation:


Raw query failed. Code: `42703`. Message: `column "processedBy" of relation "BookingRequest" does not exist`
PrismaClientKnownRequestError: 
Invalid `prisma.$executeRawUnsafe()` invocation:


Raw query failed. Code: `42703`. Message: `column "processedBy" of relation "BookingRequest" does not exist`
    at ei.handleRequestError (C:\parkEase\node_modules\@prisma\client\runtime\library.js:121:7268)
    at ei.handleAndLogRequestError (C:\parkEase\node_modules\@prisma\client\runtime\library.js:121:6593)
    at ei.request (C:\parkEase\node_modules\@prisma\client\runtime\library.js:121:6300)
    at async a (C:\parkEase\node_modules\@prisma\client\runtime\library.js:130:9551)
    at async PATCH (C:\parkEase\.next\dev\server\chunks\[root-of-the-server]__81aa7527._.js:653:17)
    at async AppRouteRouteModule.do (C:\parkEase\node_modules\next\dist\compiled\next-server\app-route-turbo.runtime.dev.js:5:37789)
    at async AppRouteRouteModule.handle (C:\parkEase\node_modules\next\dist\compiled\next-server\app-route-turbo.runtime.dev.js:5:45045)
    at async responseGenerator (C:\parkEase\.next\dev\server\chunks\node_modules_next_91529b47._.js:15485:38)
    at async AppRouteRouteModule.handleResponse (C:\parkEase\node_modules\next\dist\compiled\next-server\app-route-turbo.runtime.dev.js:1:187851)
    at async handleResponse (C:\parkEase\.next\dev\server\chunks\node_modules_next_91529b47._.js:15547:32)
    at async handler (C:\parkEase\.next\dev\server\chunks\node_modules_next_91529b47._.js:15600:13)
    at async DevServer.renderToResponseWithComponentsImpl (C:\parkEase\node_modules\next\dist\server\base-server.js:1413:9)
    at async DevServer.renderPageComponent (C:\parkEase\node_modules\next\dist\server\base-server.js:1465:24)
    at async DevServer.renderToResponseImpl (C:\parkEase\node_modules\next\dist\server\base-server.js:1515:32)
    at async DevServer.pipeImpl (C:\parkEase\node_modules\next\dist\server\base-server.js:1021:25)
    at async NextNodeServer.handleCatchallRenderRequest (C:\parkEase\node_modules\next\dist\server\next-server.js:394:17)
    at async DevServer.handleRequestImpl (C:\parkEase\node_modules\next\dist\server\base-server.js:912:17)
    at async C:\parkEase\node_modules\next\dist\server\dev\next-dev-server.js:382:20
    at async Span.traceAsyncFn (C:\parkEase\node_modules\next\dist\trace\trace.js:157:20)
    at async DevServer.handleRequest (C:\parkEase\node_modules\next\dist\server\dev\next-dev-server.js:378:24)
    at async invokeRender (C:\parkEase\node_modules\next\dist\server\lib\router-server.js:240:21)
    at async handleRequest (C:\parkEase\node_modules\next\dist\server\lib\router-server.js:436:24)
    at async requestHandlerImpl (C:\parkEase\node_modules\next\dist\server\lib\router-server.js:484:13)
    at async Server.requestListener (C:\parkEase\node_modules\next\dist\server\lib\start-server.js:226:13)
[2026-02-03T08:46:15.292Z] PATCH /api/watchman/booking-requests/undefined ERROR: 
Invalid `prisma.$executeRawUnsafe()` invocation:


Raw query failed. Code: `42703`. Message: `column "processedBy" of relation "BookingRequest" does not exist`
PrismaClientKnownRequestError: 
Invalid `prisma.$executeRawUnsafe()` invocation:


Raw query failed. Code: `42703`. Message: `column "processedBy" of relation "BookingRequest" does not exist`
    at ei.handleRequestError (C:\parkEase\node_modules\@prisma\client\runtime\library.js:121:7268)
    at ei.handleAndLogRequestError (C:\parkEase\node_modules\@prisma\client\runtime\library.js:121:6593)
    at ei.request (C:\parkEase\node_modules\@prisma\client\runtime\library.js:121:6300)
    at async a (C:\parkEase\node_modules\@prisma\client\runtime\library.js:130:9551)
    at async PATCH (C:\parkEase\.next\dev\server\chunks\[root-of-the-server]__81aa7527._.js:653:17)
    at async AppRouteRouteModule.do (C:\parkEase\node_modules\next\dist\compiled\next-server\app-route-turbo.runtime.dev.js:5:37789)
    at async AppRouteRouteModule.handle (C:\parkEase\node_modules\next\dist\compiled\next-server\app-route-turbo.runtime.dev.js:5:45045)
    at async responseGenerator (C:\parkEase\.next\dev\server\chunks\node_modules_next_91529b47._.js:15485:38)
    at async AppRouteRouteModule.handleResponse (C:\parkEase\node_modules\next\dist\compiled\next-server\app-route-turbo.runtime.dev.js:1:187851)
    at async handleResponse (C:\parkEase\.next\dev\server\chunks\node_modules_next_91529b47._.js:15547:32)
    at async handler (C:\parkEase\.next\dev\server\chunks\node_modules_next_91529b47._.js:15600:13)
    at async DevServer.renderToResponseWithComponentsImpl (C:\parkEase\node_modules\next\dist\server\base-server.js:1413:9)
    at async DevServer.renderPageComponent (C:\parkEase\node_modules\next\dist\server\base-server.js:1465:24)
    at async DevServer.renderToResponseImpl (C:\parkEase\node_modules\next\dist\server\base-server.js:1515:32)
    at async DevServer.pipeImpl (C:\parkEase\node_modules\next\dist\server\base-server.js:1021:25)
    at async NextNodeServer.handleCatchallRenderRequest (C:\parkEase\node_modules\next\dist\server\next-server.js:394:17)
    at async DevServer.handleRequestImpl (C:\parkEase\node_modules\next\dist\server\base-server.js:912:17)
    at async C:\parkEase\node_modules\next\dist\server\dev\next-dev-server.js:382:20
    at async Span.traceAsyncFn (C:\parkEase\node_modules\next\dist\trace\trace.js:157:20)
    at async DevServer.handleRequest (C:\parkEase\node_modules\next\dist\server\dev\next-dev-server.js:378:24)
    at async invokeRender (C:\parkEase\node_modules\next\dist\server\lib\router-server.js:240:21)
    at async handleRequest (C:\parkEase\node_modules\next\dist\server\lib\router-server.js:436:24)
    at async requestHandlerImpl (C:\parkEase\node_modules\next\dist\server\lib\router-server.js:484:13)
    at async Server.requestListener (C:\parkEase\node_modules\next\dist\server\lib\start-server.js:226:13)
[2026-02-03T08:58:06.922Z] PATCH /api/watchman/booking-requests/undefined ERROR: 
Invalid `prisma.$executeRawUnsafe()` invocation:


Raw query failed. Code: `42703`. Message: `column "processedBy" of relation "BookingRequest" does not exist`
PrismaClientKnownRequestError: 
Invalid `prisma.$executeRawUnsafe()` invocation:


Raw query failed. Code: `42703`. Message: `column "processedBy" of relation "BookingRequest" does not exist`
    at ei.handleRequestError (C:\parkEase\node_modules\@prisma\client\runtime\library.js:121:7268)
    at ei.handleAndLogRequestError (C:\parkEase\node_modules\@prisma\client\runtime\library.js:121:6593)
    at ei.request (C:\parkEase\node_modules\@prisma\client\runtime\library.js:121:6300)
    at async a (C:\parkEase\node_modules\@prisma\client\runtime\library.js:130:9551)
    at async PATCH (C:\parkEase\.next\dev\server\chunks\[root-of-the-server]__81aa7527._.js:653:17)
    at async AppRouteRouteModule.do (C:\parkEase\node_modules\next\dist\compiled\next-server\app-route-turbo.runtime.dev.js:5:37789)
    at async AppRouteRouteModule.handle (C:\parkEase\node_modules\next\dist\compiled\next-server\app-route-turbo.runtime.dev.js:5:45045)
    at async responseGenerator (C:\parkEase\.next\dev\server\chunks\node_modules_next_91529b47._.js:15485:38)
    at async AppRouteRouteModule.handleResponse (C:\parkEase\node_modules\next\dist\compiled\next-server\app-route-turbo.runtime.dev.js:1:187851)
    at async handleResponse (C:\parkEase\.next\dev\server\chunks\node_modules_next_91529b47._.js:15547:32)
    at async handler (C:\parkEase\.next\dev\server\chunks\node_modules_next_91529b47._.js:15600:13)
    at async DevServer.renderToResponseWithComponentsImpl (C:\parkEase\node_modules\next\dist\server\base-server.js:1413:9)
    at async DevServer.renderPageComponent (C:\parkEase\node_modules\next\dist\server\base-server.js:1465:24)
    at async DevServer.renderToResponseImpl (C:\parkEase\node_modules\next\dist\server\base-server.js:1515:32)
    at async DevServer.pipeImpl (C:\parkEase\node_modules\next\dist\server\base-server.js:1021:25)
    at async NextNodeServer.handleCatchallRenderRequest (C:\parkEase\node_modules\next\dist\server\next-server.js:394:17)
    at async DevServer.handleRequestImpl (C:\parkEase\node_modules\next\dist\server\base-server.js:912:17)
    at async C:\parkEase\node_modules\next\dist\server\dev\next-dev-server.js:382:20
    at async Span.traceAsyncFn (C:\parkEase\node_modules\next\dist\trace\trace.js:157:20)
    at async DevServer.handleRequest (C:\parkEase\node_modules\next\dist\server\dev\next-dev-server.js:378:24)
    at async invokeRender (C:\parkEase\node_modules\next\dist\server\lib\router-server.js:240:21)
    at async handleRequest (C:\parkEase\node_modules\next\dist\server\lib\router-server.js:436:24)
    at async requestHandlerImpl (C:\parkEase\node_modules\next\dist\server\lib\router-server.js:484:13)
    at async Server.requestListener (C:\parkEase\node_modules\next\dist\server\lib\start-server.js:226:13)
[2026-02-03T09:14:52.486Z] FORBIDDEN: User vidhipatel5044@gmail.com role is [WATCHMAN] (id: cml6833ve0000u1bwj8lqmwhi)
[2026-02-03T10:16:18.712Z] FORBIDDEN: User vidhipatel5044@gmail.com role is [WATCHMAN] (id: cml6833ve0000u1bwj8lqmwhi)
[2026-02-03T10:16:31.357Z] FORBIDDEN: User vidhipatel5044@gmail.com role is [WATCHMAN] (id: cml6833ve0000u1bwj8lqmwhi)
[2026-02-03T10:16:42.434Z] FORBIDDEN: User vidhipatel5044@gmail.com role is [WATCHMAN] (id: cml6833ve0000u1bwj8lqmwhi)
[2026-02-03T10:17:50.853Z] FORBIDDEN: User vidhipatel5044@gmail.com role is [WATCHMAN] (id: cml6833ve0000u1bwj8lqmwhi)
[2026-02-03T10:19:43.874Z] FORBIDDEN: User vidhipatel5044@gmail.com role is [WATCHMAN] (id: cml6833ve0000u1bwj8lqmwhi)
[2026-02-03T10:31:29.333Z] FORBIDDEN: User vidhipatel5044@gmail.com role is [WATCHMAN] (id: cml6833ve0000u1bwj8lqmwhi)
[2026-02-03T10:31:38.504Z] FORBIDDEN: User vidhipatel5044@gmail.com role is [WATCHMAN] (id: cml6833ve0000u1bwj8lqmwhi)
[2026-02-03T10:35:50.176Z] FORBIDDEN: User vidhipatel5044@gmail.com role is [WATCHMAN] (id: cml6833ve0000u1bwj8lqmwhi)
[2026-02-03T10:36:16.620Z] FORBIDDEN: User vidhipatel5044@gmail.com role is [WATCHMAN] (id: cml6833ve0000u1bwj8lqmwhi)
[2026-02-03T10:49:48.050Z] FORBIDDEN: User vidhipatel5044@gmail.com role is [WATCHMAN] (id: cml6833ve0000u1bwj8lqmwhi)
[2026-02-03T10:50:58.185Z] FORBIDDEN: User vidhipatel5044@gmail.com role is [WATCHMAN] (id: cml6833ve0000u1bwj8lqmwhi)
[2026-02-03T11:00:57.423Z] FORBIDDEN: User vidhipatel5044@gmail.com role is [WATCHMAN] (id: cml6833ve0000u1bwj8lqmwhi)
[2026-02-03T11:02:12.506Z] FORBIDDEN: User vidhipatel5044@gmail.com role is [WATCHMAN] (id: cml6833ve0000u1bwj8lqmwhi)
[2026-02-03T11:07:50.375Z] FORBIDDEN: User vidhipatel5044@gmail.com role is [WATCHMAN] (id: cml6833ve0000u1bwj8lqmwhi)
[2026-02-03T11:08:03.151Z] FORBIDDEN: User vidhipatel5044@gmail.com role is [WATCHMAN] (id: cml6833ve0000u1bwj8lqmwhi)
[2026-02-03T11:08:10.883Z] FORBIDDEN: User vidhipatel5044@gmail.com role is [WATCHMAN] (id: cml6833ve0000u1bwj8lqmwhi)
[2026-02-03T11:08:20.692Z] FORBIDDEN: User vidhipatel5044@gmail.com role is [WATCHMAN] (id: cml6833ve0000u1bwj8lqmwhi)
