USERS: [
  {
    "id": "cmkqpz0vj0001u1u8uoymsf5s",
    "email": "vmpatel9144@gmail.com",
    "role": "ADMIN"
  },
  {
    "id": "cmkqqhysh0000u1ikxykoj1qd",
    "email": "mp5662598@gmail.com",
    "role": "CUSTOMER"
  },
  {
    "id": "cmkqpdddl0000u1sk6ihp7d76",
    "email": "vidhipatel5044@gmail.com",
    "role": "WATCHMAN"
  },
  {
    "id": "cml0f0pnc0000u1xc9os9nsp0",
    "email": "owner@parkease.com",
    "role": "OWNER"
  },
  {
    "id": "cmkqpw5uv0000u1u8vy9mpy1q",
    "email": "vidhikumaripatel.it22@scet.ac.in",
    "role": "OWNER"
  }
]
OWNERS: [
  {
    "id": "cml0f0pnp0002u1xcd967r895",
    "userId": "cml0f0pnc0000u1xc9os9nsp0",
    "businessName": "Downtown Parking LLC",
    "businessType": "Parking",
    "taxId": null,
    "registrationNumber": null,
    "street": "123 Main St",
    "city": "New York",
    "state": "NY",
    "zipCode": "10001",
    "country": "USA",
    "status": "approved",
    "verificationStatus": "verified",
    "createdAt": "2026-01-30T05:01:06.660Z",
    "updatedAt": "2026-01-30T05:01:06.660Z",
    "locations": [
      {
        "id": "cml0f0po10004u1xcywackbp8",
        "ownerId": "cml0f0pnp0002u1xcd967r895",
        "name": "Downtown Parking Center",
        "address": "123 Main Street",
        "city": "New York",
        "state": "NY",
        "country": "USA",
        "zipCode": "10001",
        "airportCode": null,
        "latitude": 40.7128,
        "longitude": -74.006,
        "description": "Convenient downtown parking",
        "pricePerDay": 25,
        "originalPrice": 30,
        "amenities": [
          "24/7 Security",
          "Covered",
          "EV Charging"
        ],
        "images": [],
        "shuttle": true,
        "covered": true,
        "selfPark": true,
        "valet": false,
        "open24Hours": true,
        "availableSpots": 45,
        "totalSpots": 50,
        "status": "ACTIVE",
        "createdAt": "2026-01-30T05:01:06.673Z",
        "updatedAt": "2026-01-30T05:01:06.673Z"
      }
    ]
  },
  {
    "id": "cml0lsmq60001u19wj3hxkw69",
    "userId": "cmkqpw5uv0000u1u8vy9mpy1q",
    "businessName": "Kintu Designs pvt.ltd",
    "businessType": "company",
    "taxId": "",
    "registrationNumber": "",
    "street": "vesu,surat",
    "city": "surat",
    "state": "GJ",
    "zipCode": "395005",
    "country": "USA",
    "status": "pending",
    "verificationStatus": "unverified",
    "createdAt": "2026-01-30T08:10:46.921Z",
    "updatedAt": "2026-01-30T08:10:46.921Z",
    "locations": [
      {
        "id": "cml0lw0uo0005u19w6q3t1f4g",
        "ownerId": "cml0lsmq60001u19wj3hxkw69",
        "name": "surat",
        "address": "vesu,surat",
        "city": "surat",
        "state": "GJ",
        "country": "USA",
        "zipCode": "395005",
        "airportCode": "LAX",
        "latitude": 0,
        "longitude": 0,
        "description": "gufjfvf nbjfufv",
        "pricePerDay": 50,
        "originalPrice": 64,
        "amenities": [],
        "images": [],
        "shuttle": true,
        "covered": false,
        "selfPark": true,
        "valet": false,
        "open24Hours": true,
        "availableSpots": 99,
        "totalSpots": 100,
        "status": "ACTIVE",
        "createdAt": "2026-01-30T08:13:25.200Z",
        "updatedAt": "2026-02-02T06:22:07.524Z"
      }
    ]
  }
]
REQUESTS: [
  {
    "id": "cml0p11uc0001u12ofp8we7r4",
    "customerId": null,
    "customerName": "Test Customer",
    "customerEmail": null,
    "customerPhone": null,
    "vehiclePlate": "TEST-123",
    "vehicleType": "sedan",
    "vehicleMake": null,
    "vehicleModel": null,
    "vehicleColor": null,
    "parkingId": "cml0f0po10004u1xcywackbp8",
    "parkingName": "Downtown Parking Center",
    "spotNumber": null,
    "requestType": "WALK_IN",
    "originalBookingId": null,
    "requestedStart": "2026-01-30T09:41:18.599Z",
    "requestedEnd": "2026-01-30T11:41:18.599Z",
    "estimatedAmount": 10,
    "status": "PENDING",
    "priority": "NORMAL",
    "notes": null,
    "rejectionReason": null,
    "requestedBy": "cmkqpdddl0000u1sk6ihp7d76",
    "requestedAt": "2026-01-30T09:41:18.611Z",
    "processedBy": null,
    "processedAt": null
  },
  {
    "id": "fallback_t808e82u6",
    "customerId": null,
    "customerName": "Smit",
    "customerEmail": "",
    "customerPhone": "",
    "vehiclePlate": "GJ051234",
    "vehicleType": "sedan",
    "vehicleMake": null,
    "vehicleModel": null,
    "vehicleColor": null,
    "parkingId": "cml0lw0uo0005u19w6q3t1f4g",
    "parkingName": "surat",
    "spotNumber": null,
    "requestType": "WALK_IN",
    "originalBookingId": null,
    "requestedStart": "2026-01-30T15:34:57.711Z",
    "requestedEnd": "2026-01-30T17:34:57.711Z",
    "estimatedAmount": 10,
    "status": "PENDING",
    "priority": "NORMAL",
    "notes": null,
    "rejectionReason": null,
    "requestedBy": "cmkqpdddl0000u1sk6ihp7d76",
    "requestedAt": "2026-01-30T15:34:57.779Z",
    "processedBy": null,
    "processedAt": null
  },
  {
    "id": "fallback_07054dj3r",
    "customerId": null,
    "customerName": "Smit",
    "customerEmail": "",
    "customerPhone": "",
    "vehiclePlate": "GJ051234",
    "vehicleType": "sedan",
    "vehicleMake": null,
    "vehicleModel": null,
    "vehicleColor": null,
    "parkingId": "cml0lw0uo0005u19w6q3t1f4g",
    "parkingName": "surat",
    "spotNumber": null,
    "requestType": "WALK_IN",
    "originalBookingId": null,
    "requestedStart": "2026-01-30T15:42:45.231Z",
    "requestedEnd": "2026-01-30T17:42:45.231Z",
    "estimatedAmount": 10,
    "status": "PENDING",
    "priority": "NORMAL",
    "notes": null,
    "rejectionReason": null,
    "requestedBy": "cmkqpdddl0000u1sk6ihp7d76",
    "requestedAt": "2026-01-30T15:42:45.317Z",
    "processedBy": null,
    "processedAt": null
  },
  {
    "id": "fallback_x1u4g43ez",
    "customerId": null,
    "customerName": "Smit",
    "customerEmail": "",
    "customerPhone": "",
    "vehiclePlate": "GJ051234",
    "vehicleType": "sedan",
    "vehicleMake": null,
    "vehicleModel": null,
    "vehicleColor": null,
    "parkingId": "cml0lw0uo0005u19w6q3t1f4g",
    "parkingName": "surat",
    "spotNumber": null,
    "requestType": "WALK_IN",
    "originalBookingId": null,
    "requestedStart": "2026-01-30T15:56:11.017Z",
    "requestedEnd": "2026-01-30T17:56:11.017Z",
    "estimatedAmount": 10,
    "status": "PENDING",
    "priority": "NORMAL",
    "notes": null,
    "rejectionReason": null,
    "requestedBy": "cmkqpdddl0000u1sk6ihp7d76",
    "requestedAt": "2026-01-30T15:56:11.104Z",
    "processedBy": null,
    "processedAt": null
  },
  {
    "id": "cml0rwl630001u1w03mbgo1f9",
    "customerId": null,
    "customerName": "AP",
    "customerEmail": "",
    "customerPhone": "",
    "vehiclePlate": "GJ05567",
    "vehicleType": "sedan",
    "vehicleMake": null,
    "vehicleModel": null,
    "vehicleColor": null,
    "parkingId": "cml0lw0uo0005u19w6q3t1f4g",
    "parkingName": "surat",
    "spotNumber": null,
    "requestType": "WALK_IN",
    "originalBookingId": null,
    "requestedStart": "2026-01-30T11:01:49.220Z",
    "requestedEnd": "2026-01-30T13:01:49.220Z",
    "estimatedAmount": 10,
    "status": "PENDING",
    "priority": "NORMAL",
    "notes": "",
    "rejectionReason": null,
    "requestedBy": "cmkqpdddl0000u1sk6ihp7d76",
    "requestedAt": "2026-01-30T11:01:49.227Z",
    "processedBy": null,
    "processedAt": null
  },
  {
    "id": "cml1z311c0009u16ox2r4vg0p",
    "customerId": null,
    "customerName": "ankit",
    "customerEmail": "",
    "customerPhone": "5624826942",
    "vehiclePlate": "GJ051237",
    "vehicleType": "sedan",
    "vehicleMake": null,
    "vehicleModel": null,
    "vehicleColor": null,
    "parkingId": "cml0lw0uo0005u19w6q3t1f4g",
    "parkingName": "surat",
    "spotNumber": null,
    "requestType": "WALK_IN",
    "originalBookingId": null,
    "requestedStart": "2026-01-31T07:10:33.084Z",
    "requestedEnd": "2026-01-31T09:10:33.084Z",
    "estimatedAmount": 10,
    "status": "PENDING",
    "priority": "NORMAL",
    "notes": "VGDFD",
    "rejectionReason": null,
    "requestedBy": "cmkqpdddl0000u1sk6ihp7d76",
    "requestedAt": "2026-01-31T07:10:33.214Z",
    "processedBy": null,
    "processedAt": null
  },
  {
    "id": "cml4qy42m0004u1jgwyyiwm1g",
    "customerId": null,
    "customerName": "Anish",
    "customerEmail": "",
    "customerPhone": "6549824782",
    "vehiclePlate": "GJ057653",
    "vehicleType": "sedan",
    "vehicleMake": null,
    "vehicleModel": null,
    "vehicleColor": null,
    "parkingId": "cml0lw0uo0005u19w6q3t1f4g",
    "parkingName": "surat",
    "spotNumber": null,
    "requestType": "WALK_IN",
    "originalBookingId": null,
    "requestedStart": "2026-02-02T05:46:05.460Z",
    "requestedEnd": "2026-02-02T07:46:05.460Z",
    "estimatedAmount": 10,
    "status": "PENDING",
    "priority": "NORMAL",
    "notes": "",
    "rejectionReason": null,
    "requestedBy": "cmkqpdddl0000u1sk6ihp7d76",
    "requestedAt": "2026-02-02T05:46:05.469Z",
    "processedBy": null,
    "processedAt": null
  },
  {
    "id": "test_ujwtx6wfp",
    "customerId": null,
    "customerName": "Test User",
    "customerEmail": null,
    "customerPhone": "1234567890",
    "vehiclePlate": "TESTPLATE",
    "vehicleType": "sedan",
    "vehicleMake": null,
    "vehicleModel": null,
    "vehicleColor": null,
    "parkingId": "test_parking_id",
    "parkingName": "Test Parking",
    "spotNumber": null,
    "requestType": "WALK_IN",
    "originalBookingId": null,
    "requestedStart": "2026-02-02T15:43:27.438Z",
    "requestedEnd": "2026-02-02T17:43:27.438Z",
    "estimatedAmount": 10,
    "status": "PENDING",
    "priority": "NORMAL",
    "notes": "Test notes",
    "rejectionReason": null,
    "requestedBy": "test_user_id",
    "requestedAt": "2026-02-02T15:43:27.531Z",
    "processedBy": null,
    "processedAt": null
  },
  {
    "id": "req_vbqbaqyub",
    "customerId": null,
    "customerName": "Amit",
    "customerEmail": null,
    "customerPhone": "9546235874",
    "vehiclePlate": "GJ057896",
    "vehicleType": "sedan",
    "vehicleMake": null,
    "vehicleModel": null,
    "vehicleColor": null,
    "parkingId": "1",
    "parkingName": "LAX Economy Parking",
    "spotNumber": null,
    "requestType": "WALK_IN",
    "originalBookingId": null,
    "requestedStart": "2026-02-02T15:45:47.856Z",
    "requestedEnd": "2026-02-02T17:45:47.856Z",
    "estimatedAmount": 10,
    "status": "PENDING",
    "priority": "NORMAL",
    "notes": "",
    "rejectionReason": null,
    "requestedBy": "cmkqpz0vj0001u1u8uoymsf5s",
    "requestedAt": "2026-02-02T15:45:47.926Z",
    "processedBy": null,
    "processedAt": null
  },
  {
    "id": "req_u1jpv8evp",
    "customerId": null,
    "customerName": "Vihaan",
    "customerEmail": null,
    "customerPhone": "9658321475",
    "vehiclePlate": "GJ059873",
    "vehicleType": "sedan",
    "vehicleMake": null,
    "vehicleModel": null,
    "vehicleColor": null,
    "parkingId": "1",
    "parkingName": "LAX Economy Parking",
    "spotNumber": null,
    "requestType": "WALK_IN",
    "originalBookingId": null,
    "requestedStart": "2026-02-02T16:39:07.891Z",
    "requestedEnd": "2026-02-02T18:39:07.891Z",
    "estimatedAmount": 10,
    "status": "PENDING",
    "priority": "NORMAL",
    "notes": "",
    "rejectionReason": null,
    "requestedBy": "cmkqpz0vj0001u1u8uoymsf5s",
    "requestedAt": "2026-02-02T16:39:07.968Z",
    "processedBy": null,
    "processedAt": null
  },
  {
    "id": "req_24wdx9bo3",
    "customerId": null,
    "customerName": "Amit",
    "customerEmail": null,
    "customerPhone": "9546235874",
    "vehiclePlate": "GJ057896",
    "vehicleType": "sedan",
    "vehicleMake": null,
    "vehicleModel": null,
    "vehicleColor": null,
    "parkingId": "1",
    "parkingName": "LAX Economy Parking",
    "spotNumber": null,
    "requestType": "WALK_IN",
    "originalBookingId": null,
    "requestedStart": "2026-02-02T17:11:22.204Z",
    "requestedEnd": "2026-02-02T19:11:22.204Z",
    "estimatedAmount": 10,
    "status": "PENDING",
    "priority": "NORMAL",
    "notes": "",
    "rejectionReason": null,
    "requestedBy": "cmkqpz0vj0001u1u8uoymsf5s",
    "requestedAt": "2026-02-02T17:11:22.262Z",
    "processedBy": null,
    "processedAt": null
  }
]
